<?xml version="1.0" encoding="UTF-8"?>
  <testsuite name="Controller Suite" tests="0" failures="0" errors="0" time="0.004">
      <testcase name="BeforeSuite" classname="Controller Suite" time="0.004627109">
          <failure type="Failure">/home/prajithp/dev/go/src/github.com/ClearTax/notification-manager/controllers/suite_test.go:51&#xA;Unexpected error:&#xA;    &lt;*fmt.wrapError | 0xc00044a540&gt;: &#xA;    unable to start control plane itself: failed to start the controlplane. retried 5 times: fork/exec /usr/local/kubebuilder/bin/etcd: no such file or directory&#xA;    {&#xA;        msg: &#34;unable to start control plane itself: failed to start the controlplane. retried 5 times: fork/exec /usr/local/kubebuilder/bin/etcd: no such file or directory&#34;,&#xA;        err: &lt;*fmt.wrapError | 0xc00044a520&gt;{&#xA;            msg: &#34;failed to start the controlplane. retried 5 times: fork/exec /usr/local/kubebuilder/bin/etcd: no such file or directory&#34;,&#xA;            err: &lt;*fs.PathError | 0xc0002be210&gt;{&#xA;                Op: &#34;fork/exec&#34;,&#xA;                Path: &#34;/usr/local/kubebuilder/bin/etcd&#34;,&#xA;                Err: &lt;syscall.Errno&gt;0x2,&#xA;            },&#xA;        },&#xA;    }&#xA;occurred&#xA;/home/prajithp/dev/go/src/github.com/ClearTax/notification-manager/controllers/suite_test.go:61</failure>
      </testcase>
      <testcase name="AfterSuite" classname="Controller Suite" time="0.00015335">
          <failure type="Panic">/home/prajithp/dev/go/src/github.com/ClearTax/notification-manager/controllers/suite_test.go:76&#xA;Test Panicked&#xA;/usr/local/go/src/runtime/panic.go:261</failure>
      </testcase>
  </testsuite>